<?xml version="1.0" encoding="UTF-8"?>
<!-- Generated by org.testng.reporters.JUnitReportReporter -->
<testsuite hostname="LAPTOP-L4O1C8HM" failures="0" tests="1" name="tests.WPLAutomationTest" time="15.034" errors="0" timestamp="2023-06-20T17:35:11 IST" skipped="0">
  <testcase classname="tests.WPLAutomationTest" name="testPlayersHighestScore" time="15.034"/>
  <system-out/>
</testsuite> <!-- tests.WPLAutomationTest -->
